[2026-03-05 06:38:02] local.ERROR: Please provide a valid cache path. {"exception":"[object] (InvalidArgumentException(code: 0): Please provide a valid cache path. at E:/belajar/laravel-website-sekolah/web-profile-sekolah/vendor/laravel/framework/src/Illuminate/View/Compilers/Compiler.php:67)
[stacktrace]
#0 E:/belajar/laravel-website-sekolah/web-profile-sekolah/vendor/laravel/framework/src/Illuminate/View/ViewServiceProvider.php(97): Illuminate/View/Compilers/Compiler->__construct(Object(Illuminate/Filesystem/Filesystem), false, '', true, 'php')
#1 E:/belajar/laravel-website-sekolah/web-profile-sekolah/vendor/laravel/framework/src/Illuminate/Container/Container.php(908): Illuminate/View/ViewServiceProvider->Illuminate/View/{closure}(Object(Illuminate/Foundation/Application), Array)
#2 E:/belajar/laravel-website-sekolah/web-profile-sekolah/vendor/laravel/framework/src/Illuminate/Container/Container.php(795): Illuminate/Container/Container->build(Object(Closure))
#3 E:/belajar/laravel-website-sekolah/web-profile-sekolah/vendor/laravel/framework/src/Illuminate/Foundation/Application.php(986): Illuminate/Container/Container->resolve('blade.compiler', Array, true)
#4 E:/belajar/laravel-website-sekolah/web-profile-sekolah/vendor/laravel/framework/src/Illuminate/Container/Container.php(731): Illuminate/Foundation/Application->resolve('blade.compiler', Array)
#5 E:/belajar/laravel-website-sekolah/web-profile-sekolah/vendor/laravel/framework/src/Illuminate/Foundation/Application.php(971): Illuminate/Container/Container->make('blade.compiler', Array)
#6 E:/belajar/laravel-website-sekolah/web-profile-sekolah/vendor/laravel/framework/src/Illuminate/Container/Container.php(1454): Illuminate/Foundation/Application->make('blade.compiler')
#7 E:/belajar/laravel-website-sekolah/web-profile-sekolah/vendor/laravel/framework/src/Illuminate/Support/Facades/Facade.php(237): Illuminate/Container/Container->offsetGet('blade.compiler')
#8 E:/belajar/laravel-website-sekolah/web-profile-sekolah/vendor/laravel/framework/src/Illuminate/Support/Facades/Facade.php(208): Illuminate/Support/Facades/Facade::resolveFacadeInstance('blade.compiler')
#9 E:/belajar/laravel-website-sekolah/web-profile-sekolah/vendor/laravel/framework/src/Illuminate/Support/Facades/Facade.php(349): Illuminate/Support/Facades/Facade::getFacadeRoot()
#10 E:/belajar/laravel-website-sekolah/web-profile-sekolah/vendor/blade-ui-kit/blade-icons/src/BladeIconsServiceProvider.php(118): Illuminate/Support/Facades/Facade::__callStatic('directive', Array)
#11 E:/belajar/laravel-website-sekolah/web-profile-sekolah/vendor/blade-ui-kit/blade-icons/src/BladeIconsServiceProvider.php(27): BladeUI/Icons/BladeIconsServiceProvider->bootDirectives()
#12 E:/belajar/laravel-website-sekolah/web-profile-sekolah/vendor/laravel/framework/src/Illuminate/Container/BoundMethod.php(36): BladeUI/Icons/BladeIconsServiceProvider->boot()
#13 E:/belajar/laravel-website-sekolah/web-profile-sekolah/vendor/laravel/framework/src/Illuminate/Container/Util.php(41): Illuminate/Container/BoundMethod::Illuminate/Container/{closure}()
#14 E:/belajar/laravel-website-sekolah/web-profile-sekolah/vendor/laravel/framework/src/Illuminate/Container/BoundMethod.php(93): Illuminate/Container/Util::unwrapIfClosure(Object(Closure))
#15 E:/belajar/laravel-website-sekolah/web-profile-sekolah/vendor/laravel/framework/src/Illuminate/Container/BoundMethod.php(35): Illuminate/Container/BoundMethod::callBoundMethod(Object(Illuminate/Foundation/Application), Array, Object(Closure))
#16 E:/belajar/laravel-website-sekolah/web-profile-sekolah/vendor/laravel/framework/src/Illuminate/Container/Container.php(662): Illuminate/Container/BoundMethod::call(Object(Illuminate/Foundation/Application), Array, Array, NULL)
#17 E:/belajar/laravel-website-sekolah/web-profile-sekolah/vendor/laravel/framework/src/Illuminate/Foundation/Application.php(1059): Illuminate/Container/Container->call(Array)
#18 E:/belajar/laravel-website-sekolah/web-profile-sekolah/vendor/laravel/framework/src/Illuminate/Foundation/Application.php(1040): Illuminate/Foundation/Application->bootProvider(Object(BladeUI/Icons/BladeIconsServiceProvider))
#19 [internal function]: Illuminate/Foundation/Application->Illuminate/Foundation/{closure}(Object(BladeUI/Icons/BladeIconsServiceProvider), 17)
#20 E:/belajar/laravel-website-sekolah/web-profile-sekolah/vendor/laravel/framework/src/Illuminate/Foundation/Application.php(1039): array_walk(Array, Object(Closure))
#21 E:/belajar/laravel-website-sekolah/web-profile-sekolah/vendor/laravel/framework/src/Illuminate/Foundation/Bootstrap/BootProviders.php(17): Illuminate/Foundation/Application->boot()
#22 E:/belajar/laravel-website-sekolah/web-profile-sekolah/vendor/laravel/framework/src/Illuminate/Foundation/Application.php(286): Illuminate/Foundation/Bootstrap/BootProviders->bootstrap(Object(Illuminate/Foundation/Application))
#23 E:/belajar/laravel-website-sekolah/web-profile-sekolah/vendor/laravel/framework/src/Illuminate/Foundation/Console/Kernel.php(447): Illuminate/Foundation/Application->bootstrapWith(Array)
#24 E:/belajar/laravel-website-sekolah/web-profile-sekolah/vendor/laravel/framework/src/Illuminate/Foundation/Console/Kernel.php(199): Illuminate/Foundation/Console/Kernel->bootstrap()
#25 E:/belajar/laravel-website-sekolah/web-profile-sekolah/artisan(35): Illuminate/Foundation/Console/Kernel->handle(Object(Symfony/Component/Console/Input/ArgvInput), Object(Symfony/Component/Console/Output/ConsoleOutput))
#26 {main}
"} 
[2026-03-05 06:39:38] local.ERROR: Please provide a valid cache path. {"exception":"[object] (InvalidArgumentException(code: 0): Please provide a valid cache path. at E:/belajar/laravel-website-sekolah/web-profile-sekolah/vendor/laravel/framework/src/Illuminate/View/Compilers/Compiler.php:67)
[stacktrace]
#0 E:/belajar/laravel-website-sekolah/web-profile-sekolah/vendor/laravel/framework/src/Illuminate/View/ViewServiceProvider.php(97): Illuminate/View/Compilers/Compiler->__construct(Object(Illuminate/Filesystem/Filesystem), false, '', true, 'php')
#1 E:/belajar/laravel-website-sekolah/web-profile-sekolah/vendor/laravel/framework/src/Illuminate/Container/Container.php(908): Illuminate/View/ViewServiceProvider->Illuminate/View/{closure}(Object(Illuminate/Foundation/Application), Array)
#2 E:/belajar/laravel-website-sekolah/web-profile-sekolah/vendor/laravel/framework/src/Illuminate/Container/Container.php(795): Illuminate/Container/Container->build(Object(Closure))
#3 E:/belajar/laravel-website-sekolah/web-profile-sekolah/vendor/laravel/framework/src/Illuminate/Foundation/Application.php(986): Illuminate/Container/Container->resolve('blade.compiler', Array, true)
#4 E:/belajar/laravel-website-sekolah/web-profile-sekolah/vendor/laravel/framework/src/Illuminate/Container/Container.php(731): Illuminate/Foundation/Application->resolve('blade.compiler', Array)
#5 E:/belajar/laravel-website-sekolah/web-profile-sekolah/vendor/laravel/framework/src/Illuminate/Foundation/Application.php(971): Illuminate/Container/Container->make('blade.compiler', Array)
#6 E:/belajar/laravel-website-sekolah/web-profile-sekolah/vendor/laravel/framework/src/Illuminate/Container/Container.php(1454): Illuminate/Foundation/Application->make('blade.compiler')
#7 E:/belajar/laravel-website-sekolah/web-profile-sekolah/vendor/laravel/framework/src/Illuminate/Support/Facades/Facade.php(237): Illuminate/Container/Container->offsetGet('blade.compiler')
#8 E:/belajar/laravel-website-sekolah/web-profile-sekolah/vendor/laravel/framework/src/Illuminate/Support/Facades/Facade.php(208): Illuminate/Support/Facades/Facade::resolveFacadeInstance('blade.compiler')
#9 E:/belajar/laravel-website-sekolah/web-profile-sekolah/vendor/laravel/framework/src/Illuminate/Support/Facades/Facade.php(349): Illuminate/Support/Facades/Facade::getFacadeRoot()
#10 E:/belajar/laravel-website-sekolah/web-profile-sekolah/vendor/blade-ui-kit/blade-icons/src/BladeIconsServiceProvider.php(118): Illuminate/Support/Facades/Facade::__callStatic('directive', Array)
#11 E:/belajar/laravel-website-sekolah/web-profile-sekolah/vendor/blade-ui-kit/blade-icons/src/BladeIconsServiceProvider.php(27): BladeUI/Icons/BladeIconsServiceProvider->bootDirectives()
#12 E:/belajar/laravel-website-sekolah/web-profile-sekolah/vendor/laravel/framework/src/Illuminate/Container/BoundMethod.php(36): BladeUI/Icons/BladeIconsServiceProvider->boot()
#13 E:/belajar/laravel-website-sekolah/web-profile-sekolah/vendor/laravel/framework/src/Illuminate/Container/Util.php(41): Illuminate/Container/BoundMethod::Illuminate/Container/{closure}()
#14 E:/belajar/laravel-website-sekolah/web-profile-sekolah/vendor/laravel/framework/src/Illuminate/Container/BoundMethod.php(93): Illuminate/Container/Util::unwrapIfClosure(Object(Closure))
#15 E:/belajar/laravel-website-sekolah/web-profile-sekolah/vendor/laravel/framework/src/Illuminate/Container/BoundMethod.php(35): Illuminate/Container/BoundMethod::callBoundMethod(Object(Illuminate/Foundation/Application), Array, Object(Closure))
#16 E:/belajar/laravel-website-sekolah/web-profile-sekolah/vendor/laravel/framework/src/Illuminate/Container/Container.php(662): Illuminate/Container/BoundMethod::call(Object(Illuminate/Foundation/Application), Array, Array, NULL)
#17 E:/belajar/laravel-website-sekolah/web-profile-sekolah/vendor/laravel/framework/src/Illuminate/Foundation/Application.php(1059): Illuminate/Container/Container->call(Array)
#18 E:/belajar/laravel-website-sekolah/web-profile-sekolah/vendor/laravel/framework/src/Illuminate/Foundation/Application.php(1040): Illuminate/Foundation/Application->bootProvider(Object(BladeUI/Icons/BladeIconsServiceProvider))
#19 [internal function]: Illuminate/Foundation/Application->Illuminate/Foundation/{closure}(Object(BladeUI/Icons/BladeIconsServiceProvider), 17)
#20 E:/belajar/laravel-website-sekolah/web-profile-sekolah/vendor/laravel/framework/src/Illuminate/Foundation/Application.php(1039): array_walk(Array, Object(Closure))
#21 E:/belajar/laravel-website-sekolah/web-profile-sekolah/vendor/laravel/framework/src/Illuminate/Foundation/Bootstrap/BootProviders.php(17): Illuminate/Foundation/Application->boot()
#22 E:/belajar/laravel-website-sekolah/web-profile-sekolah/vendor/laravel/framework/src/Illuminate/Foundation/Application.php(286): Illuminate/Foundation/Bootstrap/BootProviders->bootstrap(Object(Illuminate/Foundation/Application))
#23 E:/belajar/laravel-website-sekolah/web-profile-sekolah/vendor/laravel/framework/src/Illuminate/Foundation/Console/Kernel.php(447): Illuminate/Foundation/Application->bootstrapWith(Array)
#24 E:/belajar/laravel-website-sekolah/web-profile-sekolah/vendor/laravel/framework/src/Illuminate/Foundation/Console/Kernel.php(199): Illuminate/Foundation/Console/Kernel->bootstrap()
#25 E:/belajar/laravel-website-sekolah/web-profile-sekolah/artisan(35): Illuminate/Foundation/Console/Kernel->handle(Object(Symfony/Component/Console/Input/ArgvInput), Object(Symfony/Component/Console/Output/ConsoleOutput))
#26 {main}
"} 
[2026-03-05 06:40:47] local.ERROR: Please provide a valid cache path. {"exception":"[object] (InvalidArgumentException(code: 0): Please provide a valid cache path. at E:/belajar/laravel-website-sekolah/web-profile-sekolah/vendor/laravel/framework/src/Illuminate/View/Compilers/Compiler.php:67)
[stacktrace]
#0 E:/belajar/laravel-website-sekolah/web-profile-sekolah/vendor/laravel/framework/src/Illuminate/View/ViewServiceProvider.php(97): Illuminate/View/Compilers/Compiler->__construct(Object(Illuminate/Filesystem/Filesystem), false, '', true, 'php')
#1 E:/belajar/laravel-website-sekolah/web-profile-sekolah/vendor/laravel/framework/src/Illuminate/Container/Container.php(908): Illuminate/View/ViewServiceProvider->Illuminate/View/{closure}(Object(Illuminate/Foundation/Application), Array)
#2 E:/belajar/laravel-website-sekolah/web-profile-sekolah/vendor/laravel/framework/src/Illuminate/Container/Container.php(795): Illuminate/Container/Container->build(Object(Closure))
#3 E:/belajar/laravel-website-sekolah/web-profile-sekolah/vendor/laravel/framework/src/Illuminate/Foundation/Application.php(986): Illuminate/Container/Container->resolve('blade.compiler', Array, true)
#4 E:/belajar/laravel-website-sekolah/web-profile-sekolah/vendor/laravel/framework/src/Illuminate/Container/Container.php(731): Illuminate/Foundation/Application->resolve('blade.compiler', Array)
#5 E:/belajar/laravel-website-sekolah/web-profile-sekolah/vendor/laravel/framework/src/Illuminate/Foundation/Application.php(971): Illuminate/Container/Container->make('blade.compiler', Array)
#6 E:/belajar/laravel-website-sekolah/web-profile-sekolah/vendor/laravel/framework/src/Illuminate/Container/Container.php(1454): Illuminate/Foundation/Application->make('blade.compiler')
#7 E:/belajar/laravel-website-sekolah/web-profile-sekolah/vendor/laravel/framework/src/Illuminate/Support/Facades/Facade.php(237): Illuminate/Container/Container->offsetGet('blade.compiler')
#8 E:/belajar/laravel-website-sekolah/web-profile-sekolah/vendor/laravel/framework/src/Illuminate/Support/Facades/Facade.php(208): Illuminate/Support/Facades/Facade::resolveFacadeInstance('blade.compiler')
#9 E:/belajar/laravel-website-sekolah/web-profile-sekolah/vendor/laravel/framework/src/Illuminate/Support/Facades/Facade.php(349): Illuminate/Support/Facades/Facade::getFacadeRoot()
#10 E:/belajar/laravel-website-sekolah/web-profile-sekolah/vendor/blade-ui-kit/blade-icons/src/BladeIconsServiceProvider.php(118): Illuminate/Support/Facades/Facade::__callStatic('directive', Array)
#11 E:/belajar/laravel-website-sekolah/web-profile-sekolah/vendor/blade-ui-kit/blade-icons/src/BladeIconsServiceProvider.php(27): BladeUI/Icons/BladeIconsServiceProvider->bootDirectives()
#12 E:/belajar/laravel-website-sekolah/web-profile-sekolah/vendor/laravel/framework/src/Illuminate/Container/BoundMethod.php(36): BladeUI/Icons/BladeIconsServiceProvider->boot()
#13 E:/belajar/laravel-website-sekolah/web-profile-sekolah/vendor/laravel/framework/src/Illuminate/Container/Util.php(41): Illuminate/Container/BoundMethod::Illuminate/Container/{closure}()
#14 E:/belajar/laravel-website-sekolah/web-profile-sekolah/vendor/laravel/framework/src/Illuminate/Container/BoundMethod.php(93): Illuminate/Container/Util::unwrapIfClosure(Object(Closure))
#15 E:/belajar/laravel-website-sekolah/web-profile-sekolah/vendor/laravel/framework/src/Illuminate/Container/BoundMethod.php(35): Illuminate/Container/BoundMethod::callBoundMethod(Object(Illuminate/Foundation/Application), Array, Object(Closure))
#16 E:/belajar/laravel-website-sekolah/web-profile-sekolah/vendor/laravel/framework/src/Illuminate/Container/Container.php(662): Illuminate/Container/BoundMethod::call(Object(Illuminate/Foundation/Application), Array, Array, NULL)
#17 E:/belajar/laravel-website-sekolah/web-profile-sekolah/vendor/laravel/framework/src/Illuminate/Foundation/Application.php(1059): Illuminate/Container/Container->call(Array)
#18 E:/belajar/laravel-website-sekolah/web-profile-sekolah/vendor/laravel/framework/src/Illuminate/Foundation/Application.php(1040): Illuminate/Foundation/Application->bootProvider(Object(BladeUI/Icons/BladeIconsServiceProvider))
#19 [internal function]: Illuminate/Foundation/Application->Illuminate/Foundation/{closure}(Object(BladeUI/Icons/BladeIconsServiceProvider), 17)
#20 E:/belajar/laravel-website-sekolah/web-profile-sekolah/vendor/laravel/framework/src/Illuminate/Foundation/Application.php(1039): array_walk(Array, Object(Closure))
#21 E:/belajar/laravel-website-sekolah/web-profile-sekolah/vendor/laravel/framework/src/Illuminate/Foundation/Bootstrap/BootProviders.php(17): Illuminate/Foundation/Application->boot()
#22 E:/belajar/laravel-website-sekolah/web-profile-sekolah/vendor/laravel/framework/src/Illuminate/Foundation/Application.php(286): Illuminate/Foundation/Bootstrap/BootProviders->bootstrap(Object(Illuminate/Foundation/Application))
#23 E:/belajar/laravel-website-sekolah/web-profile-sekolah/vendor/laravel/framework/src/Illuminate/Foundation/Console/Kernel.php(447): Illuminate/Foundation/Application->bootstrapWith(Array)
#24 E:/belajar/laravel-website-sekolah/web-profile-sekolah/vendor/laravel/framework/src/Illuminate/Foundation/Console/Kernel.php(199): Illuminate/Foundation/Console/Kernel->bootstrap()
#25 E:/belajar/laravel-website-sekolah/web-profile-sekolah/artisan(35): Illuminate/Foundation/Console/Kernel->handle(Object(Symfony/Component/Console/Input/ArgvInput), Object(Symfony/Component/Console/Output/ConsoleOutput))
#26 {main}
"} 
[2026-03-05 06:42:11] local.ERROR: Please provide a valid cache path. {"exception":"[object] (InvalidArgumentException(code: 0): Please provide a valid cache path. at E:/belajar/laravel-website-sekolah/web-profile-sekolah/vendor/laravel/framework/src/Illuminate/View/Compilers/Compiler.php:67)
[stacktrace]
#0 E:/belajar/laravel-website-sekolah/web-profile-sekolah/vendor/laravel/framework/src/Illuminate/View/ViewServiceProvider.php(97): Illuminate/View/Compilers/Compiler->__construct(Object(Illuminate/Filesystem/Filesystem), false, '', true, 'php')
#1 E:/belajar/laravel-website-sekolah/web-profile-sekolah/vendor/laravel/framework/src/Illuminate/Container/Container.php(908): Illuminate/View/ViewServiceProvider->Illuminate/View/{closure}(Object(Illuminate/Foundation/Application), Array)
#2 E:/belajar/laravel-website-sekolah/web-profile-sekolah/vendor/laravel/framework/src/Illuminate/Container/Container.php(795): Illuminate/Container/Container->build(Object(Closure))
#3 E:/belajar/laravel-website-sekolah/web-profile-sekolah/vendor/laravel/framework/src/Illuminate/Foundation/Application.php(986): Illuminate/Container/Container->resolve('blade.compiler', Array, true)
#4 E:/belajar/laravel-website-sekolah/web-profile-sekolah/vendor/laravel/framework/src/Illuminate/Container/Container.php(731): Illuminate/Foundation/Application->resolve('blade.compiler', Array)
#5 E:/belajar/laravel-website-sekolah/web-profile-sekolah/vendor/laravel/framework/src/Illuminate/Foundation/Application.php(971): Illuminate/Container/Container->make('blade.compiler', Array)
#6 E:/belajar/laravel-website-sekolah/web-profile-sekolah/vendor/laravel/framework/src/Illuminate/Container/Container.php(1454): Illuminate/Foundation/Application->make('blade.compiler')
#7 E:/belajar/laravel-website-sekolah/web-profile-sekolah/vendor/laravel/framework/src/Illuminate/Support/Facades/Facade.php(237): Illuminate/Container/Container->offsetGet('blade.compiler')
#8 E:/belajar/laravel-website-sekolah/web-profile-sekolah/vendor/laravel/framework/src/Illuminate/Support/Facades/Facade.php(208): Illuminate/Support/Facades/Facade::resolveFacadeInstance('blade.compiler')
#9 E:/belajar/laravel-website-sekolah/web-profile-sekolah/vendor/laravel/framework/src/Illuminate/Support/Facades/Facade.php(349): Illuminate/Support/Facades/Facade::getFacadeRoot()
#10 E:/belajar/laravel-website-sekolah/web-profile-sekolah/vendor/blade-ui-kit/blade-icons/src/BladeIconsServiceProvider.php(118): Illuminate/Support/Facades/Facade::__callStatic('directive', Array)
#11 E:/belajar/laravel-website-sekolah/web-profile-sekolah/vendor/blade-ui-kit/blade-icons/src/BladeIconsServiceProvider.php(27): BladeUI/Icons/BladeIconsServiceProvider->bootDirectives()
#12 E:/belajar/laravel-website-sekolah/web-profile-sekolah/vendor/laravel/framework/src/Illuminate/Container/BoundMethod.php(36): BladeUI/Icons/BladeIconsServiceProvider->boot()
#13 E:/belajar/laravel-website-sekolah/web-profile-sekolah/vendor/laravel/framework/src/Illuminate/Container/Util.php(41): Illuminate/Container/BoundMethod::Illuminate/Container/{closure}()
#14 E:/belajar/laravel-website-sekolah/web-profile-sekolah/vendor/laravel/framework/src/Illuminate/Container/BoundMethod.php(93): Illuminate/Container/Util::unwrapIfClosure(Object(Closure))
#15 E:/belajar/laravel-website-sekolah/web-profile-sekolah/vendor/laravel/framework/src/Illuminate/Container/BoundMethod.php(35): Illuminate/Container/BoundMethod::callBoundMethod(Object(Illuminate/Foundation/Application), Array, Object(Closure))
#16 E:/belajar/laravel-website-sekolah/web-profile-sekolah/vendor/laravel/framework/src/Illuminate/Container/Container.php(662): Illuminate/Container/BoundMethod::call(Object(Illuminate/Foundation/Application), Array, Array, NULL)
#17 E:/belajar/laravel-website-sekolah/web-profile-sekolah/vendor/laravel/framework/src/Illuminate/Foundation/Application.php(1059): Illuminate/Container/Container->call(Array)
#18 E:/belajar/laravel-website-sekolah/web-profile-sekolah/vendor/laravel/framework/src/Illuminate/Foundation/Application.php(1040): Illuminate/Foundation/Application->bootProvider(Object(BladeUI/Icons/BladeIconsServiceProvider))
#19 [internal function]: Illuminate/Foundation/Application->Illuminate/Foundation/{closure}(Object(BladeUI/Icons/BladeIconsServiceProvider), 17)
#20 E:/belajar/laravel-website-sekolah/web-profile-sekolah/vendor/laravel/framework/src/Illuminate/Foundation/Application.php(1039): array_walk(Array, Object(Closure))
#21 E:/belajar/laravel-website-sekolah/web-profile-sekolah/vendor/laravel/framework/src/Illuminate/Foundation/Bootstrap/BootProviders.php(17): Illuminate/Foundation/Application->boot()
#22 E:/belajar/laravel-website-sekolah/web-profile-sekolah/vendor/laravel/framework/src/Illuminate/Foundation/Application.php(286): Illuminate/Foundation/Bootstrap/BootProviders->bootstrap(Object(Illuminate/Foundation/Application))
#23 E:/belajar/laravel-website-sekolah/web-profile-sekolah/vendor/laravel/framework/src/Illuminate/Foundation/Console/Kernel.php(447): Illuminate/Foundation/Application->bootstrapWith(Array)
#24 E:/belajar/laravel-website-sekolah/web-profile-sekolah/vendor/laravel/framework/src/Illuminate/Foundation/Console/Kernel.php(199): Illuminate/Foundation/Console/Kernel->bootstrap()
#25 E:/belajar/laravel-website-sekolah/web-profile-sekolah/artisan(35): Illuminate/Foundation/Console/Kernel->handle(Object(Symfony/Component/Console/Input/ArgvInput), Object(Symfony/Component/Console/Output/ConsoleOutput))
#26 {main}
"} 
